<?xml version="1.0" encoding="UTF-8"?>
<!-- Generated by org.testng.reporters.JUnitXMLReporter -->
<testsuite hostname="LAPTOP-Q18VUQ5U" ignored="0" name="Default test(failed)" tests="1" failures="1" timestamp="05 Aug 2018 07:37:07 GMT" time="0.06" errors="0">
  <testcase name="postCall" time="0.014" classname="com.qa.tests.PostAuth">
    <failure type="java.lang.NullPointerException">
      <![CDATA[java.lang.NullPointerException
at com.qa.tests.PostAuth.postCall(PostAuth.java:68)
... Removed 25 stack frames]]>
    </failure>
  </testcase> <!-- postCall -->
</testsuite> <!-- Default test(failed) -->
