<?xml version="1.0" encoding="UTF-8"?>
<!-- Generated by org.testng.reporters.JUnitXMLReporter -->
<testsuite hostname="LAPTOP-Q18VUQ5U" ignored="0" name="API_suite" tests="1" failures="1" timestamp="11 Aug 2018 19:15:07 GMT" time="5.714" errors="0">
  <testcase name="campaign" time="1.207" classname="com.qa.tests.PostCampaign">
    <failure type="java.lang.AssertionError" message="The following asserts failed:
	expected [200] but found [400]">
      <![CDATA[java.lang.AssertionError: The following asserts failed:
expected [200] but found [400]
at com.qa.tests.PostCampaign.campaign(PostCampaign.java:119)
... Removed 26 stack frames]]>
    </failure>
  </testcase> <!-- campaign -->
</testsuite> <!-- API_suite -->
